
Book ãƒ¢ãƒ‡ãƒ«ã«é–¢ã™ã‚‹ãƒ†ã‚¹ãƒˆ
  å®Ÿéš›ã«ä¿å­˜ã—ã¦ã¿ã‚‹
[32m    æœ‰åŠ¹ãªæŠ•ç¨¿å†…å®¹ã®å ´åˆã¯ä¿å­˜ã•ã‚Œã‚‹ã‹[0m
  ç©ºç™½ã®ãƒãƒªãƒ‡ãƒ¼ã‚·ãƒ§ãƒ³ãƒã‚§ãƒƒã‚¯
[32m    titleãŒç©ºç™½ã®å ´åˆã«ãƒãƒªãƒ‡ãƒ¼ã‚·ãƒ§ãƒ³ãƒã‚§ãƒƒã‚¯ã•ã‚Œç©ºç™½ã®ã‚¨ãƒ©ãƒ¼ãƒ¡ãƒƒã‚»ãƒ¼ã‚¸ãŒè¿”ã£ã¦ãã¦ã„ã‚‹ã‹[0m
[32m    bodyãŒç©ºç™½ã®å ´åˆã«ãƒãƒªãƒ‡ãƒ¼ã‚·ãƒ§ãƒ³ãƒã‚§ãƒƒã‚¯ã•ã‚Œç©ºç™½ã®ã‚¨ãƒ©ãƒ¼ãƒ¡ãƒƒã‚»ãƒ¼ã‚¸ãŒè¿”ã£ã¦ãã¦ã„ã‚‹ã‹[0m
  titleã‚’ç©ºç™½ã§æŠ•ç¨¿ã—ãŸå ´åˆã«ç”»é¢ã«ã‚¨ãƒ©ãƒ¼ãƒ¡ãƒƒã‚»ãƒ¼ã‚¸ãŒè¡¨ç¤ºã•ã‚Œã¦ã„ã‚‹ã‹
[31m    ã‚¨ãƒ©ãƒ¼ãƒ¡ãƒƒã‚»ãƒ¼ã‚¸ã¯æ­£ã—ãè¡¨ç¤ºã•ã‚Œã‚‹ã‹ (FAILED - 1)[0m

Failures:

  1) Book ãƒ¢ãƒ‡ãƒ«ã«é–¢ã™ã‚‹ãƒ†ã‚¹ãƒˆ titleã‚’ç©ºç™½ã§æŠ•ç¨¿ã—ãŸå ´åˆã«ç”»é¢ã«ã‚¨ãƒ©ãƒ¼ãƒ¡ãƒƒã‚»ãƒ¼ã‚¸ãŒè¡¨ç¤ºã•ã‚Œã¦ã„ã‚‹ã‹ ã‚¨ãƒ©ãƒ¼ãƒ¡ãƒƒã‚»ãƒ¼ã‚¸ã¯æ­£ã—ãè¡¨ç¤ºã•ã‚Œã‚‹ã‹
     [31mFailure/Error: <%= javascript_pack_tag 'application', 'data-turbolinks-track': 'reload' %>[0m
     [31m[0m
     [31mActionView::Template::Error:[0m
     [31m  Webpacker can't find application.js in /home/ec2-user/environment/bookers/public/packs-test/manifest.json. Possible causes:[0m
     [31m  1. You want to set webpacker.yml value of compile to true for your environment[0m
     [31m     unless you are using the `webpack -w` or the webpack-dev-server.[0m
     [31m  2. webpack has not yet re-run to reflect updates.[0m
     [31m  3. You have misconfigured Webpacker's config/webpacker.yml file.[0m
     [31m  4. Your webpack configuration is not creating a manifest.[0m
     [31m  Your manifest contains:[0m
     [31m  {[0m
     [31m  }[0m
     [36m# /home/ec2-user/.rvm/gems/ruby-3.1.2/gems/webpacker-5.4.3/lib/webpacker/manifest.rb:79:in `handle_missing_entry'[0m
     [36m# /home/ec2-user/.rvm/gems/ruby-3.1.2/gems/webpacker-5.4.3/lib/webpacker/manifest.rb:49:in `lookup!'[0m
     [36m# /home/ec2-user/.rvm/gems/ruby-3.1.2/gems/webpacker-5.4.3/lib/webpacker/helper.rb:182:in `block in sources_from_manifest_entries'[0m
     [36m# /home/ec2-user/.rvm/gems/ruby-3.1.2/gems/webpacker-5.4.3/lib/webpacker/helper.rb:182:in `map'[0m
     [36m# /home/ec2-user/.rvm/gems/ruby-3.1.2/gems/webpacker-5.4.3/lib/webpacker/helper.rb:182:in `sources_from_manifest_entries'[0m
     [36m# /home/ec2-user/.rvm/gems/ruby-3.1.2/gems/webpacker-5.4.3/lib/webpacker/helper.rb:81:in `javascript_pack_tag'[0m
     [36m# ./app/views/layouts/application.html.erb:10:in `_app_views_layouts_application_html_erb__3189785216111758176_17480'[0m
     [36m# <internal:kernel>:90:in `tap'[0m
     [36m# /home/ec2-user/.rvm/gems/ruby-3.1.2/gems/actiontext-6.1.6.1/lib/action_text/rendering.rb:20:in `with_renderer'[0m
     [36m# /home/ec2-user/.rvm/gems/ruby-3.1.2/gems/actiontext-6.1.6.1/lib/action_text/engine.rb:59:in `block (4 levels) in <class:Engine>'[0m
     [36m# /home/ec2-user/.rvm/gems/ruby-3.1.2/gems/rack-2.2.4/lib/rack/tempfile_reaper.rb:15:in `call'[0m
     [36m# /home/ec2-user/.rvm/gems/ruby-3.1.2/gems/rack-2.2.4/lib/rack/etag.rb:27:in `call'[0m
     [36m# /home/ec2-user/.rvm/gems/ruby-3.1.2/gems/rack-2.2.4/lib/rack/conditional_get.rb:27:in `call'[0m
     [36m# /home/ec2-user/.rvm/gems/ruby-3.1.2/gems/rack-2.2.4/lib/rack/head.rb:12:in `call'[0m
     [36m# /home/ec2-user/.rvm/gems/ruby-3.1.2/gems/rack-2.2.4/lib/rack/session/abstract/id.rb:266:in `context'[0m
     [36m# /home/ec2-user/.rvm/gems/ruby-3.1.2/gems/rack-2.2.4/lib/rack/session/abstract/id.rb:260:in `call'[0m
     [36m# /home/ec2-user/.rvm/gems/ruby-3.1.2/gems/railties-6.1.6.1/lib/rails/rack/logger.rb:37:in `call_app'[0m
     [36m# /home/ec2-user/.rvm/gems/ruby-3.1.2/gems/railties-6.1.6.1/lib/rails/rack/logger.rb:26:in `block in call'[0m
     [36m# /home/ec2-user/.rvm/gems/ruby-3.1.2/gems/railties-6.1.6.1/lib/rails/rack/logger.rb:26:in `call'[0m
     [36m# /home/ec2-user/.rvm/gems/ruby-3.1.2/gems/rack-2.2.4/lib/rack/method_override.rb:24:in `call'[0m
     [36m# /home/ec2-user/.rvm/gems/ruby-3.1.2/gems/rack-2.2.4/lib/rack/runtime.rb:22:in `call'[0m
     [36m# /home/ec2-user/.rvm/gems/ruby-3.1.2/gems/rack-2.2.4/lib/rack/sendfile.rb:110:in `call'[0m
     [36m# /home/ec2-user/.rvm/gems/ruby-3.1.2/gems/railties-6.1.6.1/lib/rails/engine.rb:539:in `call'[0m
     [36m# /home/ec2-user/.rvm/gems/ruby-3.1.2/gems/rack-2.2.4/lib/rack/urlmap.rb:74:in `block in call'[0m
     [36m# /home/ec2-user/.rvm/gems/ruby-3.1.2/gems/rack-2.2.4/lib/rack/urlmap.rb:58:in `each'[0m
     [36m# /home/ec2-user/.rvm/gems/ruby-3.1.2/gems/rack-2.2.4/lib/rack/urlmap.rb:58:in `call'[0m
     [36m# /home/ec2-user/.rvm/gems/ruby-3.1.2/gems/rack-2.2.4/lib/rack/builder.rb:244:in `call'[0m
     [36m# /home/ec2-user/.rvm/gems/ruby-3.1.2/gems/rack-test-2.0.2/lib/rack/test.rb:358:in `process_request'[0m
     [36m# /home/ec2-user/.rvm/gems/ruby-3.1.2/gems/rack-test-2.0.2/lib/rack/test.rb:165:in `custom_request'[0m
     [36m# /home/ec2-user/.rvm/gems/ruby-3.1.2/gems/rack-test-2.0.2/lib/rack/test.rb:114:in `get'[0m
     [36m# /home/ec2-user/.rvm/gems/ruby-3.1.2/gems/capybara-3.37.1/lib/capybara/rack_test/browser.rb:74:in `process'[0m
     [36m# /home/ec2-user/.rvm/gems/ruby-3.1.2/gems/capybara-3.37.1/lib/capybara/rack_test/browser.rb:49:in `process_and_follow_redirects'[0m
     [36m# /home/ec2-user/.rvm/gems/ruby-3.1.2/gems/capybara-3.37.1/lib/capybara/rack_test/browser.rb:26:in `visit'[0m
     [36m# /home/ec2-user/.rvm/gems/ruby-3.1.2/gems/capybara-3.37.1/lib/capybara/rack_test/driver.rb:46:in `visit'[0m
     [36m# /home/ec2-user/.rvm/gems/ruby-3.1.2/gems/capybara-3.37.1/lib/capybara/session.rb:278:in `visit'[0m
     [36m# /home/ec2-user/.rvm/gems/ruby-3.1.2/gems/capybara-3.37.1/lib/capybara/dsl.rb:52:in `call'[0m
     [36m# /home/ec2-user/.rvm/gems/ruby-3.1.2/gems/capybara-3.37.1/lib/capybara/dsl.rb:52:in `visit'[0m
     [36m# ./spec/models/book_spec.rb:25:in `block (3 levels) in <top (required)>'[0m
     [36m# ------------------[0m
     [36m# --- Caused by: ---[0m
     [36m# Webpacker::Manifest::MissingEntryError:[0m
     [36m#   Webpacker can't find application.js in /home/ec2-user/environment/bookers/public/packs-test/manifest.json. Possible causes:[0m
     [36m#   1. You want to set webpacker.yml value of compile to true for your environment[0m
     [36m#      unless you are using the `webpack -w` or the webpack-dev-server.[0m
     [36m#   2. webpack has not yet re-run to reflect updates.[0m
     [36m#   3. You have misconfigured Webpacker's config/webpacker.yml file.[0m
     [36m#   4. Your webpack configuration is not creating a manifest.[0m
     [36m#   Your manifest contains:[0m
     [36m#   {[0m
     [36m#   }[0m
     [36m#   /home/ec2-user/.rvm/gems/ruby-3.1.2/gems/webpacker-5.4.3/lib/webpacker/manifest.rb:79:in `handle_missing_entry'[0m

Finished in 5.27 seconds (files took 2.81 seconds to load)
[31m4 examples, 1 failure[0m

Failed examples:

[31mrspec ./spec/models/book_spec.rb:28[0m [36m# Book ãƒ¢ãƒ‡ãƒ«ã«é–¢ã™ã‚‹ãƒ†ã‚¹ãƒˆ titleã‚’ç©ºç™½ã§æŠ•ç¨¿ã—ãŸå ´åˆã«ç”»é¢ã«ã‚¨ãƒ©ãƒ¼ãƒ¡ãƒƒã‚»ãƒ¼ã‚¸ãŒè¡¨ç¤ºã•ã‚Œã¦ã„ã‚‹ã‹ ã‚¨ãƒ©ãƒ¼ãƒ¡ãƒƒã‚»ãƒ¼ã‚¸ã¯æ­£ã—ãè¡¨ç¤ºã•ã‚Œã‚‹ã‹[0m

